0 info it worked if it ends with ok
1 verbose cli [ 'node', '/usr/local/bin/npm', '-g', 'install', 'ios-sim' ]
2 info using npm@2.10.1
3 info using node@v0.12.4
4 verbose node symlink /usr/local/bin/node
5 verbose install initial load of /usr/local/lib/package.json
6 verbose readDependencies loading dependencies from /usr/local/lib/package.json
7 silly cache add args [ 'ios-sim', null ]
8 verbose cache add spec ios-sim
9 silly cache add parsed spec { raw: 'ios-sim',
9 silly cache add   scope: null,
9 silly cache add   name: 'ios-sim',
9 silly cache add   rawSpec: '',
9 silly cache add   spec: '*',
9 silly cache add   type: 'range' }
10 silly addNamed ios-sim@*
11 verbose addNamed "*" is a valid semver range for ios-sim
12 silly addNameRange { name: 'ios-sim', range: '*', hasData: false }
13 silly mapToRegistry name ios-sim
14 silly mapToRegistry using default registry
15 silly mapToRegistry registry https://registry.npmjs.org/
16 silly mapToRegistry uri https://registry.npmjs.org/ios-sim
17 verbose addNameRange registry:https://registry.npmjs.org/ios-sim not in flight; fetching
18 verbose get https://registry.npmjs.org/ios-sim not expired, no request
19 silly addNameRange number 2 { name: 'ios-sim', range: '*', hasData: true }
20 silly addNameRange versions [ 'ios-sim',
20 silly addNameRange   [ '1.8.0',
20 silly addNameRange     '1.8.1',
20 silly addNameRange     '1.8.2',
20 silly addNameRange     '1.9.0',
20 silly addNameRange     '2.0.0',
20 silly addNameRange     '2.0.1',
20 silly addNameRange     '3.0.0',
20 silly addNameRange     '3.1.0',
20 silly addNameRange     '3.1.1',
20 silly addNameRange     '4.1.0' ] ]
21 silly addNamed ios-sim@3.1.1
22 verbose addNamed "3.1.1" is a plain semver version for ios-sim
23 silly cache afterAdd ios-sim@3.1.1
24 verbose afterAdd /Users/griffin/.npm/ios-sim/3.1.1/package/package.json not in flight; writing
25 verbose afterAdd /Users/griffin/.npm/ios-sim/3.1.1/package/package.json written
26 silly install resolved [ { name: 'ios-sim',
26 silly install resolved     version: '3.1.1',
26 silly install resolved     description: 'launch iOS apps into the iOS Simulator from the command line (Xcode 6.0)',
26 silly install resolved     main: 'ios-sim',
26 silly install resolved     scripts: { preinstall: 'rake build' },
26 silly install resolved     bin: { 'ios-sim': 'build/Release/ios-sim' },
26 silly install resolved     repository:
26 silly install resolved      { type: 'git',
26 silly install resolved        url: 'git+https://github.com/phonegap/ios-sim.git' },
26 silly install resolved     keywords: [ 'ios-sim', 'iOS Simulator' ],
26 silly install resolved     author: { name: 'Landon Fuller, Jeff Haynie, Eloy Duran, Shazron Abdullah' },
26 silly install resolved     license: 'MIT',
26 silly install resolved     gitHead: 'c6ec64397e5fa462f1ea2d4e4fdc123a856618f9',
26 silly install resolved     bugs: { url: 'https://github.com/phonegap/ios-sim/issues' },
26 silly install resolved     homepage: 'https://github.com/phonegap/ios-sim',
26 silly install resolved     _id: 'ios-sim@3.1.1',
26 silly install resolved     _shasum: '1129c3fda31b917ef656b8c53fd276392b51c6e8',
26 silly install resolved     _from: 'ios-sim@*',
26 silly install resolved     _npmVersion: '1.4.14',
26 silly install resolved     _npmUser: { name: 'shazron', email: 'shazron@gmail.com' },
26 silly install resolved     maintainers: [ [Object] ],
26 silly install resolved     dist:
26 silly install resolved      { shasum: '1129c3fda31b917ef656b8c53fd276392b51c6e8',
26 silly install resolved        tarball: 'http://registry.npmjs.org/ios-sim/-/ios-sim-3.1.1.tgz' },
26 silly install resolved     directories: {},
26 silly install resolved     _resolved: 'https://registry.npmjs.org/ios-sim/-/ios-sim-3.1.1.tgz',
26 silly install resolved     readme: 'ERROR: No README data found!' } ]
27 info install ios-sim@3.1.1 into /usr/local/lib
28 info installOne ios-sim@3.1.1
29 verbose installOne of ios-sim to /usr/local/lib not in flight; installing
30 verbose lock using /Users/griffin/.npm/_locks/ios-sim-3bb56db538048d2f.lock for /usr/local/lib/node_modules/ios-sim
31 silly install write writing ios-sim 3.1.1 to /usr/local/lib/node_modules/ios-sim
32 verbose unbuild lib/node_modules/ios-sim
33 silly gentlyRm /usr/local/lib/node_modules/ios-sim is being purged from base /usr/local
34 verbose gentlyRm don't care about contents; nuking /usr/local/lib/node_modules/ios-sim
35 verbose tar unpack /Users/griffin/.npm/ios-sim/3.1.1/package.tgz
36 verbose tar unpacking to /usr/local/lib/node_modules/ios-sim
37 silly gentlyRm /usr/local/lib/node_modules/ios-sim is being purged
38 verbose gentlyRm don't care about contents; nuking /usr/local/lib/node_modules/ios-sim
39 silly gunzTarPerm modes [ '755', '644' ]
40 silly gunzTarPerm extractEntry package.json
41 silly gunzTarPerm extractEntry .npmignore
42 silly gunzTarPerm extractEntry README.md
43 silly gunzTarPerm extractEntry LICENSE
44 silly gunzTarPerm extractEntry resources/buildbox/build.sh
45 silly gunzTarPerm extractEntry CoreSimulator/CoreSimulator.h
46 silly gunzTarPerm extractEntry CONTRIBUTING.md
47 silly gunzTarPerm extractEntry Rakefile
48 silly gunzTarPerm extractEntry Source/.npmignore
49 silly gunzTarPerm extractEntry Source/NSString+expandPath.h
50 silly gunzTarPerm extractEntry Source/NSString+expandPath.m
51 silly gunzTarPerm extractEntry Source/iPhoneSimulator.h
52 silly gunzTarPerm extractEntry Source/iPhoneSimulator.m
53 silly gunzTarPerm extractEntry Source/main.m
54 silly gunzTarPerm extractEntry Source/nsprintf.h
55 silly gunzTarPerm extractEntry Source/nsprintf.m
56 silly gunzTarPerm extractEntry Source/version.h
57 silly gunzTarPerm extractEntry ios-sim.xcodeproj/.npmignore
58 silly gunzTarPerm extractEntry ios-sim.xcodeproj/project.pbxproj
59 silly gunzTarPerm extractEntry ios-sim.xcodeproj/xcshareddata/xcschemes/ios-sim.xcscheme
60 silly gunzTarPerm extractEntry ios-sim_Prefix.pch
61 silly gunzTarPerm extractEntry DVTiPhoneSimulatorRemoteClient/DVTiPhoneSimulatorRemoteClient.h
62 silly gunzTarPerm extractEntry README.template.md
63 verbose write writing to /usr/local/lib/node_modules/ios-sim/package.json
64 info preinstall ios-sim@3.1.1
65 verbose unsafe-perm in lifecycle false
66 info ios-sim@3.1.1 Failed to exec preinstall script
67 verbose unlock done using /Users/griffin/.npm/_locks/ios-sim-3bb56db538048d2f.lock for /usr/local/lib/node_modules/ios-sim
68 verbose stack Error: ios-sim@3.1.1 preinstall: `rake build`
68 verbose stack Exit status 1
68 verbose stack     at EventEmitter.<anonymous> (/usr/local/lib/node_modules/npm/lib/utils/lifecycle.js:213:16)
68 verbose stack     at EventEmitter.emit (events.js:110:17)
68 verbose stack     at ChildProcess.<anonymous> (/usr/local/lib/node_modules/npm/lib/utils/spawn.js:24:14)
68 verbose stack     at ChildProcess.emit (events.js:110:17)
68 verbose stack     at maybeClose (child_process.js:1015:16)
68 verbose stack     at Process.ChildProcess._handle.onexit (child_process.js:1087:5)
69 verbose pkgid ios-sim@3.1.1
70 verbose cwd /Users/griffin/Web/_localhost/shed
71 error Darwin 14.0.0
72 error argv "node" "/usr/local/bin/npm" "-g" "install" "ios-sim"
73 error node v0.12.4
74 error npm  v2.10.1
75 error code ELIFECYCLE
76 error ios-sim@3.1.1 preinstall: `rake build`
76 error Exit status 1
77 error Failed at the ios-sim@3.1.1 preinstall script 'rake build'.
77 error This is most likely a problem with the ios-sim package,
77 error not with npm itself.
77 error Tell the author that this fails on your system:
77 error     rake build
77 error You can get their info via:
77 error     npm owner ls ios-sim
77 error There is likely additional logging output above.
78 verbose exit [ 1, true ]
79 verbose unbuild lib/node_modules/ios-sim
80 info preuninstall ios-sim@3.1.1
81 info uninstall ios-sim@3.1.1
82 verbose unbuild rmStuff ios-sim@3.1.1 from /usr/local/lib/node_modules
83 silly gentlyRm /usr/local/bin/ios-sim is being gently removed
84 silly gentlyRm verifying /usr/local is an npm working directory
85 silly gentlyRm containing path /usr/local is under npm's control, in /usr/local
86 silly gentlyRm deletion target /usr/local/bin/ios-sim is under /usr/local
87 verbose gentlyRm vacuuming from /usr/local/bin/ios-sim up to /usr/local
88 info postuninstall ios-sim@3.1.1
89 silly gentlyRm /usr/local/lib/node_modules/ios-sim is being purged from base /usr/local
90 verbose gentlyRm don't care about contents; nuking /usr/local/lib/node_modules/ios-sim
91 silly vacuum-fs purging /usr/local/lib/node_modules/ios-sim
92 silly vacuum-fs quitting because other entries in /usr/local/lib/node_modules
